Determining if the pthread_create exist failed with the following output:
Change Dir: /home/ahab/jackIRC/build/CMakeFiles/CMakeTmp

Run Build Command:"/usr/bin/make" "cmTC_d65be/fast"
/usr/bin/make -f CMakeFiles/cmTC_d65be.dir/build.make CMakeFiles/cmTC_d65be.dir/build
make[1]: Entering directory '/home/ahab/jackIRC/build/CMakeFiles/CMakeTmp'
Building C object CMakeFiles/cmTC_d65be.dir/CheckSymbolExists.c.o
/usr/bin/cc    -o CMakeFiles/cmTC_d65be.dir/CheckSymbolExists.c.o   -c /home/ahab/jackIRC/build/CMakeFiles/CMakeTmp/CheckSymbolExists.c
Linking C executable cmTC_d65be
/usr/bin/cmake -E cmake_link_script CMakeFiles/cmTC_d65be.dir/link.txt --verbose=1
/usr/bin/cc      CMakeFiles/cmTC_d65be.dir/CheckSymbolExists.c.o  -o cmTC_d65be 
/usr/bin/ld: CMakeFiles/cmTC_d65be.dir/CheckSymbolExists.c.o: in function `main':
CheckSymbolExists.c:(.text+0x1b): undefined reference to `pthread_create'
collect2: error: ld returned 1 exit status
make[1]: *** [CMakeFiles/cmTC_d65be.dir/build.make:87: cmTC_d65be] Error 1
make[1]: Leaving directory '/home/ahab/jackIRC/build/CMakeFiles/CMakeTmp'
make: *** [Makefile:121: cmTC_d65be/fast] Error 2

File /home/ahab/jackIRC/build/CMakeFiles/CMakeTmp/CheckSymbolExists.c:
/* */
#include <pthread.h>

int main(int argc, char** argv)
{
  (void)argv;
#ifndef pthread_create
  return ((int*)(&pthread_create))[argc];
#else
  (void)argc;
  return 0;
#endif
}

Determining if the function pthread_create exists in the pthreads failed with the following output:
Change Dir: /home/ahab/jackIRC/build/CMakeFiles/CMakeTmp

Run Build Command:"/usr/bin/make" "cmTC_18147/fast"
/usr/bin/make -f CMakeFiles/cmTC_18147.dir/build.make CMakeFiles/cmTC_18147.dir/build
make[1]: Entering directory '/home/ahab/jackIRC/build/CMakeFiles/CMakeTmp'
Building C object CMakeFiles/cmTC_18147.dir/CheckFunctionExists.c.o
/usr/bin/cc   -DCHECK_FUNCTION_EXISTS=pthread_create   -o CMakeFiles/cmTC_18147.dir/CheckFunctionExists.c.o   -c /usr/share/cmake-3.13/Modules/CheckFunctionExists.c
Linking C executable cmTC_18147
/usr/bin/cmake -E cmake_link_script CMakeFiles/cmTC_18147.dir/link.txt --verbose=1
/usr/bin/cc  -DCHECK_FUNCTION_EXISTS=pthread_create    CMakeFiles/cmTC_18147.dir/CheckFunctionExists.c.o  -o cmTC_18147 -lpthreads 
/usr/bin/ld: cannot find -lpthreads
collect2: error: ld returned 1 exit status
make[1]: *** [CMakeFiles/cmTC_18147.dir/build.make:87: cmTC_18147] Error 1
make[1]: Leaving directory '/home/ahab/jackIRC/build/CMakeFiles/CMakeTmp'
make: *** [Makefile:121: cmTC_18147/fast] Error 2


